<?xml version="1.0" encoding="UTF-8"?>
<!-- Generated by org.testng.reporters.JUnitReportReporter -->
<testsuite hostname="MJ-PC" name="Calculator.Calculate" tests="4" failures="0" timestamp="21 Apr 2016 16:39:55 GMT" time="0.015" errors="0">
  <testcase name="Div" time="0.001" classname="Calculator.Calculate"/>
  <testcase name="Add" time="0.014" classname="Calculator.Calculate"/>
  <testcase name="Mul" time="0.000" classname="Calculator.Calculate"/>
  <testcase name="Sub" time="0.000" classname="Calculator.Calculate"/>
</testsuite> <!-- Calculator.Calculate -->
